[Hound Master]::1 - [Sun, 15 Sep 2019 22:19:24 CST] "POST /nodes/join HTTP/1.1 200 1.350867ms "Go-http-client/1.1" "
[Hound Master]::1 - [Sun, 15 Sep 2019 22:19:24 CST] "POST /tokens/send HTTP/1.1 200 912.293µs "Go-http-client/1.1" "
[Hound Master]::1 - [Sun, 15 Sep 2019 22:20:00 CST] "POST /nodes/update HTTP/1.1 200 6.512939ms "Go-http-client/1.1" "
[Hound Master]::1 - [Sun, 15 Sep 2019 22:20:01 CST] "POST /nodes/update HTTP/1.1 200 6.628507ms "Go-http-client/1.1" "
[Hound Master]::1 - [Sun, 15 Sep 2019 22:20:02 CST] "POST /nodes/update HTTP/1.1 200 6.386268ms "Go-http-client/1.1" "
[Hound Master]::1 - [Sun, 15 Sep 2019 22:20:03 CST] "POST /nodes/update HTTP/1.1 200 6.528807ms "Go-http-client/1.1" "
[Hound Master]::1 - [Sun, 15 Sep 2019 22:20:04 CST] "POST /nodes/update HTTP/1.1 200 932.858µs "Go-http-client/1.1" "
[Hound Master]::1 - [Sun, 15 Sep 2019 22:20:05 CST] "POST /nodes/update HTTP/1.1 200 6.565178ms "Go-http-client/1.1" "
[Hound Master]::1 - [Sun, 15 Sep 2019 22:20:06 CST] "POST /nodes/update HTTP/1.1 200 933.621µs "Go-http-client/1.1" "
[Hound Master]::1 - [Sun, 15 Sep 2019 22:20:07 CST] "POST /nodes/update HTTP/1.1 200 6.589613ms "Go-http-client/1.1" "
[Hound Master]::1 - [Sun, 15 Sep 2019 22:20:08 CST] "POST /nodes/update HTTP/1.1 200 1.679152ms "Go-http-client/1.1" "
[Hound Master]::1 - [Sun, 15 Sep 2019 22:20:09 CST] "POST /nodes/update HTTP/1.1 200 1.013233ms "Go-http-client/1.1" "
[Hound Master]::1 - [Sun, 15 Sep 2019 22:20:10 CST] "POST /nodes/update HTTP/1.1 200 1.16573ms "Go-http-client/1.1" "
[Hound Master]::1 - [Sun, 15 Sep 2019 22:20:11 CST] "POST /nodes/update HTTP/1.1 200 795.138µs "Go-http-client/1.1" "
[Hound Master]::1 - [Sun, 15 Sep 2019 22:20:12 CST] "POST /nodes/update HTTP/1.1 200 2.597179ms "Go-http-client/1.1" "
[Hound Master]::1 - [Sun, 15 Sep 2019 22:20:13 CST] "POST /nodes/update HTTP/1.1 200 6.723837ms "Go-http-client/1.1" "
[Hound Master]::1 - [Sun, 15 Sep 2019 22:20:14 CST] "POST /nodes/update HTTP/1.1 200 6.592197ms "Go-http-client/1.1" "
[Hound Master]::1 - [Sun, 15 Sep 2019 22:20:15 CST] "POST /nodes/update HTTP/1.1 200 7.04588ms "Go-http-client/1.1" "
[Hound Master]::1 - [Sun, 15 Sep 2019 22:20:16 CST] "POST /nodes/update HTTP/1.1 200 2.872568ms "Go-http-client/1.1" "
[Hound Master]::1 - [Sun, 15 Sep 2019 22:20:17 CST] "POST /nodes/update HTTP/1.1 200 1.22755ms "Go-http-client/1.1" "
[Hound Master]::1 - [Sun, 15 Sep 2019 22:20:18 CST] "POST /nodes/update HTTP/1.1 200 1.327585ms "Go-http-client/1.1" "
[Hound Master]::1 - [Sun, 15 Sep 2019 22:20:19 CST] "POST /nodes/update HTTP/1.1 200 6.670848ms "Go-http-client/1.1" "
[Hound Master]::1 - [Sun, 15 Sep 2019 22:20:20 CST] "POST /nodes/update HTTP/1.1 200 1.302968ms "Go-http-client/1.1" "
[Hound Master]::1 - [Sun, 15 Sep 2019 22:20:21 CST] "POST /nodes/update HTTP/1.1 200 6.90194ms "Go-http-client/1.1" "
[Hound Master]::1 - [Sun, 15 Sep 2019 22:20:22 CST] "POST /nodes/update HTTP/1.1 200 1.592105ms "Go-http-client/1.1" "
[Hound Master]::1 - [Sun, 15 Sep 2019 22:20:23 CST] "POST /nodes/update HTTP/1.1 200 945.709µs "Go-http-client/1.1" "
[Hound Master]::1 - [Sun, 15 Sep 2019 22:20:24 CST] "POST /nodes/update HTTP/1.1 200 6.508651ms "Go-http-client/1.1" "
[Hound Master]::1 - [Sun, 15 Sep 2019 22:20:25 CST] "POST /nodes/update HTTP/1.1 200 1.33934ms "Go-http-client/1.1" "
[Hound Master]::1 - [Sun, 15 Sep 2019 22:20:26 CST] "POST /nodes/update HTTP/1.1 200 1.414235ms "Go-http-client/1.1" "
[Hound Master]::1 - [Sun, 15 Sep 2019 22:20:27 CST] "POST /nodes/update HTTP/1.1 200 2.504377ms "Go-http-client/1.1" "
[Hound Master]::1 - [Sun, 15 Sep 2019 22:20:28 CST] "POST /nodes/update HTTP/1.1 200 956.306µs "Go-http-client/1.1" "
[Hound Master]::1 - [Sun, 15 Sep 2019 22:20:29 CST] "POST /nodes/update HTTP/1.1 200 1.374068ms "Go-http-client/1.1" "
[Hound Master]::1 - [Sun, 15 Sep 2019 22:20:30 CST] "POST /nodes/update HTTP/1.1 200 3.896365ms "Go-http-client/1.1" "
[Hound Master]::1 - [Sun, 15 Sep 2019 22:20:31 CST] "POST /nodes/update HTTP/1.1 200 912.87µs "Go-http-client/1.1" "
[Hound Master]::1 - [Sun, 15 Sep 2019 22:20:32 CST] "POST /nodes/update HTTP/1.1 200 6.517432ms "Go-http-client/1.1" "
[Hound Master]::1 - [Sun, 15 Sep 2019 22:20:33 CST] "POST /nodes/update HTTP/1.1 200 1.06645ms "Go-http-client/1.1" "
[Hound Master]::1 - [Sun, 15 Sep 2019 22:20:34 CST] "POST /nodes/update HTTP/1.1 200 986.14µs "Go-http-client/1.1" "
[Hound Master]::1 - [Sun, 15 Sep 2019 22:20:35 CST] "POST /nodes/update HTTP/1.1 200 6.487812ms "Go-http-client/1.1" "
[Hound Master]::1 - [Sun, 15 Sep 2019 22:20:36 CST] "POST /nodes/update HTTP/1.1 200 6.801304ms "Go-http-client/1.1" "
[Hound Master]::1 - [Sun, 15 Sep 2019 22:20:37 CST] "POST /nodes/update HTTP/1.1 200 2.56377ms "Go-http-client/1.1" "
[Hound Master]::1 - [Sun, 15 Sep 2019 22:20:38 CST] "POST /nodes/update HTTP/1.1 200 1.347171ms "Go-http-client/1.1" "
[Hound Master]::1 - [Sun, 15 Sep 2019 22:20:39 CST] "POST /nodes/update HTTP/1.1 200 1.351045ms "Go-http-client/1.1" "
[Hound Master]::1 - [Sun, 15 Sep 2019 22:20:40 CST] "POST /nodes/update HTTP/1.1 200 1.121955ms "Go-http-client/1.1" "
[Hound Master]::1 - [Sun, 15 Sep 2019 22:20:41 CST] "POST /nodes/update HTTP/1.1 200 6.681052ms "Go-http-client/1.1" "
[Hound Master]::1 - [Sun, 15 Sep 2019 22:20:42 CST] "POST /nodes/update HTTP/1.1 200 6.700099ms "Go-http-client/1.1" "
[Hound Master]::1 - [Sun, 15 Sep 2019 22:20:43 CST] "POST /nodes/update HTTP/1.1 200 2.484035ms "Go-http-client/1.1" "
[Hound Master]::1 - [Sun, 15 Sep 2019 22:20:44 CST] "POST /nodes/update HTTP/1.1 200 889.29µs "Go-http-client/1.1" "
[Hound Master]::1 - [Sun, 15 Sep 2019 22:20:45 CST] "POST /nodes/update HTTP/1.1 200 927.938µs "Go-http-client/1.1" "
[Hound Master]::1 - [Sun, 15 Sep 2019 22:20:46 CST] "POST /nodes/update HTTP/1.1 200 6.481909ms "Go-http-client/1.1" "
[Hound Master]::1 - [Sun, 15 Sep 2019 22:20:47 CST] "POST /nodes/update HTTP/1.1 200 1.15456ms "Go-http-client/1.1" "
[Hound Master]::1 - [Sun, 15 Sep 2019 22:20:48 CST] "POST /nodes/update HTTP/1.1 200 979.469µs "Go-http-client/1.1" "
[Hound Master]::1 - [Sun, 15 Sep 2019 22:20:49 CST] "POST /nodes/update HTTP/1.1 200 1.310489ms "Go-http-client/1.1" "
[Hound Master]::1 - [Sun, 15 Sep 2019 22:20:50 CST] "POST /nodes/update HTTP/1.1 200 1.057579ms "Go-http-client/1.1" "
[Hound Master]::1 - [Sun, 15 Sep 2019 22:20:51 CST] "POST /nodes/update HTTP/1.1 200 6.663216ms "Go-http-client/1.1" "
[Hound Master]::1 - [Sun, 15 Sep 2019 22:20:52 CST] "POST /nodes/update HTTP/1.1 200 6.542984ms "Go-http-client/1.1" "
[Hound Master]::1 - [Sun, 15 Sep 2019 22:20:53 CST] "POST /nodes/update HTTP/1.1 200 6.582622ms "Go-http-client/1.1" "
[Hound Master]::1 - [Sun, 15 Sep 2019 22:20:54 CST] "POST /nodes/update HTTP/1.1 200 6.591278ms "Go-http-client/1.1" "
[Hound Master]::1 - [Sun, 15 Sep 2019 22:20:55 CST] "POST /nodes/update HTTP/1.1 200 7.206384ms "Go-http-client/1.1" "
[Hound Master]::1 - [Sun, 15 Sep 2019 22:20:56 CST] "POST /nodes/update HTTP/1.1 200 1.084775ms "Go-http-client/1.1" "
[Hound Master]::1 - [Sun, 15 Sep 2019 22:20:57 CST] "POST /nodes/update HTTP/1.1 200 1.183114ms "Go-http-client/1.1" "
[Hound Master]::1 - [Sun, 15 Sep 2019 22:20:58 CST] "POST /nodes/update HTTP/1.1 200 6.729356ms "Go-http-client/1.1" "
[Hound Master]::1 - [Sun, 15 Sep 2019 22:20:59 CST] "POST /nodes/update HTTP/1.1 200 6.82826ms "Go-http-client/1.1" "
[Hound Master]127.0.0.1 - [Sun, 15 Sep 2019 22:22:09 CST] "GET /labels/node HTTP/1.1 404 816ns "PostmanRuntime/7.15.0" "
[Hound Master]127.0.0.1 - [Sun, 15 Sep 2019 22:22:21 CST] "GET /nodes/list HTTP/1.1 200 363.499µs "PostmanRuntime/7.15.0" "
[Hound Master]127.0.0.1 - [Sun, 15 Sep 2019 22:23:10 CST] "POST /labels/node HTTP/1.1 200 259.922µs "PostmanRuntime/7.15.0" "
[Hound Master]::1 - [Sun, 15 Sep 2019 22:25:00 CST] "POST /nodes/update HTTP/1.1 200 11.0563ms "Go-http-client/1.1" "
[Hound Master]::1 - [Sun, 15 Sep 2019 22:25:01 CST] "POST /nodes/update HTTP/1.1 200 6.636311ms "Go-http-client/1.1" "
[Hound Master]::1 - [Sun, 15 Sep 2019 22:25:02 CST] "POST /nodes/update HTTP/1.1 200 6.411574ms "Go-http-client/1.1" "
[Hound Master]::1 - [Sun, 15 Sep 2019 22:25:03 CST] "POST /nodes/update HTTP/1.1 200 944.573µs "Go-http-client/1.1" "
[Hound Master]::1 - [Sun, 15 Sep 2019 22:25:04 CST] "POST /nodes/update HTTP/1.1 200 6.907801ms "Go-http-client/1.1" "
[Hound Master]::1 - [Sun, 15 Sep 2019 22:25:05 CST] "POST /nodes/update HTTP/1.1 200 1.002454ms "Go-http-client/1.1" "
[Hound Master]::1 - [Sun, 15 Sep 2019 22:25:06 CST] "POST /nodes/update HTTP/1.1 200 6.8046ms "Go-http-client/1.1" "
[Hound Master]::1 - [Sun, 15 Sep 2019 22:25:07 CST] "POST /nodes/update HTTP/1.1 200 6.368292ms "Go-http-client/1.1" "
[Hound Master]::1 - [Sun, 15 Sep 2019 22:25:08 CST] "POST /nodes/update HTTP/1.1 200 6.52024ms "Go-http-client/1.1" "
[Hound Master]::1 - [Sun, 15 Sep 2019 22:25:09 CST] "POST /nodes/update HTTP/1.1 200 6.582804ms "Go-http-client/1.1" "
[Hound Master]::1 - [Sun, 15 Sep 2019 22:25:10 CST] "POST /nodes/update HTTP/1.1 200 923.909µs "Go-http-client/1.1" "
[Hound Master]::1 - [Sun, 15 Sep 2019 22:25:11 CST] "POST /nodes/update HTTP/1.1 200 6.922282ms "Go-http-client/1.1" "
[Hound Master]::1 - [Sun, 15 Sep 2019 22:25:12 CST] "POST /nodes/update HTTP/1.1 200 6.456947ms "Go-http-client/1.1" "
[Hound Master]::1 - [Sun, 15 Sep 2019 22:25:13 CST] "POST /nodes/update HTTP/1.1 200 6.580845ms "Go-http-client/1.1" "
[Hound Master]::1 - [Sun, 15 Sep 2019 22:25:14 CST] "POST /nodes/update HTTP/1.1 200 6.451467ms "Go-http-client/1.1" "
[Hound Master]::1 - [Sun, 15 Sep 2019 22:25:15 CST] "POST /nodes/update HTTP/1.1 200 6.455784ms "Go-http-client/1.1" "
[Hound Master]::1 - [Sun, 15 Sep 2019 22:25:16 CST] "POST /nodes/update HTTP/1.1 200 997.066µs "Go-http-client/1.1" "
[Hound Master]::1 - [Sun, 15 Sep 2019 22:25:17 CST] "POST /nodes/update HTTP/1.1 200 6.482559ms "Go-http-client/1.1" "
[Hound Master]::1 - [Sun, 15 Sep 2019 22:25:18 CST] "POST /nodes/update HTTP/1.1 200 6.397047ms "Go-http-client/1.1" "
[Hound Master]::1 - [Sun, 15 Sep 2019 22:25:19 CST] "POST /nodes/update HTTP/1.1 200 6.576631ms "Go-http-client/1.1" "
[Hound Master]::1 - [Sun, 15 Sep 2019 22:25:20 CST] "POST /nodes/update HTTP/1.1 200 6.368169ms "Go-http-client/1.1" "
[Hound Master]::1 - [Sun, 15 Sep 2019 22:25:21 CST] "POST /nodes/update HTTP/1.1 200 990.245µs "Go-http-client/1.1" "
[Hound Master]127.0.0.1 - [Sun, 15 Sep 2019 22:25:21 CST] "GET /nodes/list HTTP/1.1 200 283.774µs "PostmanRuntime/7.15.0" "
[Hound Master]::1 - [Sun, 15 Sep 2019 22:25:22 CST] "POST /nodes/update HTTP/1.1 200 6.960748ms "Go-http-client/1.1" "
[Hound Master]::1 - [Sun, 15 Sep 2019 22:25:23 CST] "POST /nodes/update HTTP/1.1 200 6.457695ms "Go-http-client/1.1" "
[Hound Master]::1 - [Sun, 15 Sep 2019 22:25:24 CST] "POST /nodes/update HTTP/1.1 200 6.553084ms "Go-http-client/1.1" "
[Hound Master]::1 - [Sun, 15 Sep 2019 22:25:25 CST] "POST /nodes/update HTTP/1.1 200 6.573384ms "Go-http-client/1.1" "
[Hound Master]::1 - [Sun, 15 Sep 2019 22:25:26 CST] "POST /nodes/update HTTP/1.1 200 1.016903ms "Go-http-client/1.1" "
[Hound Master]::1 - [Sun, 15 Sep 2019 22:25:27 CST] "POST /nodes/update HTTP/1.1 200 6.556622ms "Go-http-client/1.1" "
[Hound Master]::1 - [Sun, 15 Sep 2019 22:25:28 CST] "POST /nodes/update HTTP/1.1 200 6.582865ms "Go-http-client/1.1" "
[Hound Master]::1 - [Sun, 15 Sep 2019 22:25:29 CST] "POST /nodes/update HTTP/1.1 200 6.675228ms "Go-http-client/1.1" "
[Hound Master]::1 - [Sun, 15 Sep 2019 22:25:30 CST] "POST /nodes/update HTTP/1.1 200 10.236136ms "Go-http-client/1.1" "
[Hound Master]::1 - [Sun, 15 Sep 2019 22:25:31 CST] "POST /nodes/update HTTP/1.1 200 6.642231ms "Go-http-client/1.1" "
[Hound Master]::1 - [Sun, 15 Sep 2019 22:25:32 CST] "POST /nodes/update HTTP/1.1 200 1.465433ms "Go-http-client/1.1" "
[Hound Master]::1 - [Sun, 15 Sep 2019 22:25:33 CST] "POST /nodes/update HTTP/1.1 200 6.580498ms "Go-http-client/1.1" "
[Hound Master]::1 - [Sun, 15 Sep 2019 22:25:34 CST] "POST /nodes/update HTTP/1.1 200 6.497642ms "Go-http-client/1.1" "
[Hound Master]::1 - [Sun, 15 Sep 2019 22:25:35 CST] "POST /nodes/update HTTP/1.1 200 6.555336ms "Go-http-client/1.1" "
[Hound Master]::1 - [Sun, 15 Sep 2019 22:25:36 CST] "POST /nodes/update HTTP/1.1 200 6.613424ms "Go-http-client/1.1" "
[Hound Master]::1 - [Sun, 15 Sep 2019 22:25:37 CST] "POST /nodes/update HTTP/1.1 200 6.627153ms "Go-http-client/1.1" "
[Hound Master]::1 - [Sun, 15 Sep 2019 22:25:38 CST] "POST /nodes/update HTTP/1.1 200 1.097304ms "Go-http-client/1.1" "
[Hound Master]::1 - [Sun, 15 Sep 2019 22:25:39 CST] "POST /nodes/update HTTP/1.1 200 906.651µs "Go-http-client/1.1" "
[Hound Master]::1 - [Sun, 15 Sep 2019 22:25:40 CST] "POST /nodes/update HTTP/1.1 200 2.549532ms "Go-http-client/1.1" "
[Hound Master]::1 - [Sun, 15 Sep 2019 22:25:41 CST] "POST /nodes/update HTTP/1.1 200 6.601722ms "Go-http-client/1.1" "
[Hound Master]::1 - [Sun, 15 Sep 2019 22:25:42 CST] "POST /nodes/update HTTP/1.1 200 6.336301ms "Go-http-client/1.1" "
[Hound Master]::1 - [Sun, 15 Sep 2019 22:25:43 CST] "POST /nodes/update HTTP/1.1 200 6.394618ms "Go-http-client/1.1" "
[Hound Master]::1 - [Sun, 15 Sep 2019 22:25:44 CST] "POST /nodes/update HTTP/1.1 200 1.139372ms "Go-http-client/1.1" "
[Hound Master]::1 - [Sun, 15 Sep 2019 22:25:45 CST] "POST /nodes/update HTTP/1.1 200 6.56819ms "Go-http-client/1.1" "
[Hound Master]127.0.0.1 - [Sun, 15 Sep 2019 22:25:45 CST] "GET /tokens/list HTTP/1.1 200 252.109µs "PostmanRuntime/7.15.0" "
[Hound Master]::1 - [Sun, 15 Sep 2019 22:25:46 CST] "POST /nodes/update HTTP/1.1 200 1.692303ms "Go-http-client/1.1" "
[Hound Master]::1 - [Sun, 15 Sep 2019 22:25:47 CST] "POST /nodes/update HTTP/1.1 200 6.576023ms "Go-http-client/1.1" "
[Hound Master]::1 - [Sun, 15 Sep 2019 22:25:48 CST] "POST /nodes/update HTTP/1.1 200 6.502366ms "Go-http-client/1.1" "
[Hound Master]::1 - [Sun, 15 Sep 2019 22:25:49 CST] "POST /nodes/update HTTP/1.1 200 1.03551ms "Go-http-client/1.1" "
[Hound Master]::1 - [Sun, 15 Sep 2019 22:25:50 CST] "POST /nodes/update HTTP/1.1 200 6.488664ms "Go-http-client/1.1" "
[Hound Master]::1 - [Sun, 15 Sep 2019 22:25:51 CST] "POST /nodes/update HTTP/1.1 200 6.509835ms "Go-http-client/1.1" "
[Hound Master]::1 - [Sun, 15 Sep 2019 22:25:52 CST] "POST /nodes/update HTTP/1.1 200 6.383654ms "Go-http-client/1.1" "
[Hound Master]::1 - [Sun, 15 Sep 2019 22:25:53 CST] "POST /nodes/update HTTP/1.1 200 6.758226ms "Go-http-client/1.1" "
[Hound Master]::1 - [Sun, 15 Sep 2019 22:25:54 CST] "POST /nodes/update HTTP/1.1 200 6.347684ms "Go-http-client/1.1" "
[Hound Master]::1 - [Sun, 15 Sep 2019 22:25:55 CST] "POST /nodes/update HTTP/1.1 200 1.101209ms "Go-http-client/1.1" "
[Hound Master]::1 - [Sun, 15 Sep 2019 22:25:56 CST] "POST /nodes/update HTTP/1.1 200 6.371892ms "Go-http-client/1.1" "
[Hound Master]::1 - [Sun, 15 Sep 2019 22:25:57 CST] "POST /nodes/update HTTP/1.1 200 6.722638ms "Go-http-client/1.1" "
[Hound Master]::1 - [Sun, 15 Sep 2019 22:25:58 CST] "POST /nodes/update HTTP/1.1 200 6.409265ms "Go-http-client/1.1" "
[Hound Master]::1 - [Sun, 15 Sep 2019 22:25:59 CST] "POST /nodes/update HTTP/1.1 200 6.803502ms "Go-http-client/1.1" "
[Hound Master]::1 - [Sun, 15 Sep 2019 22:30:00 CST] "POST /nodes/update HTTP/1.1 200 4.04833ms "Go-http-client/1.1" "
[Hound Master]::1 - [Sun, 15 Sep 2019 22:30:01 CST] "POST /nodes/update HTTP/1.1 200 6.898303ms "Go-http-client/1.1" "
[Hound Master]::1 - [Sun, 15 Sep 2019 22:30:02 CST] "POST /nodes/update HTTP/1.1 200 6.409893ms "Go-http-client/1.1" "
[Hound Master]::1 - [Sun, 15 Sep 2019 22:30:03 CST] "POST /nodes/update HTTP/1.1 200 6.708714ms "Go-http-client/1.1" "
[Hound Master]::1 - [Sun, 15 Sep 2019 22:30:04 CST] "POST /nodes/update HTTP/1.1 200 6.547212ms "Go-http-client/1.1" "
[Hound Master]::1 - [Sun, 15 Sep 2019 22:30:05 CST] "POST /nodes/update HTTP/1.1 200 1.058439ms "Go-http-client/1.1" "
[Hound Master]::1 - [Sun, 15 Sep 2019 22:30:06 CST] "POST /nodes/update HTTP/1.1 200 6.653367ms "Go-http-client/1.1" "
[Hound Master]::1 - [Sun, 15 Sep 2019 22:30:07 CST] "POST /nodes/update HTTP/1.1 200 6.51023ms "Go-http-client/1.1" "
[Hound Master]::1 - [Sun, 15 Sep 2019 22:30:08 CST] "POST /nodes/update HTTP/1.1 200 6.380655ms "Go-http-client/1.1" "
[Hound Master]::1 - [Sun, 15 Sep 2019 22:30:09 CST] "POST /nodes/update HTTP/1.1 200 6.427113ms "Go-http-client/1.1" "
[Hound Master]::1 - [Sun, 15 Sep 2019 22:30:10 CST] "POST /nodes/update HTTP/1.1 200 6.685983ms "Go-http-client/1.1" "
[Hound Master]::1 - [Sun, 15 Sep 2019 22:30:11 CST] "POST /nodes/update HTTP/1.1 200 6.49437ms "Go-http-client/1.1" "
[Hound Master]::1 - [Sun, 15 Sep 2019 22:30:12 CST] "POST /nodes/update HTTP/1.1 200 6.870389ms "Go-http-client/1.1" "
[Hound Master]::1 - [Sun, 15 Sep 2019 22:30:13 CST] "POST /nodes/update HTTP/1.1 200 6.374568ms "Go-http-client/1.1" "
[Hound Master]::1 - [Sun, 15 Sep 2019 22:30:14 CST] "POST /nodes/update HTTP/1.1 200 7.065445ms "Go-http-client/1.1" "
[Hound Master]::1 - [Sun, 15 Sep 2019 22:30:15 CST] "POST /nodes/update HTTP/1.1 200 6.6111ms "Go-http-client/1.1" "
[Hound Master]::1 - [Sun, 15 Sep 2019 22:30:16 CST] "POST /nodes/update HTTP/1.1 200 970.917µs "Go-http-client/1.1" "
[Hound Master]::1 - [Sun, 15 Sep 2019 22:30:17 CST] "POST /nodes/update HTTP/1.1 200 6.555608ms "Go-http-client/1.1" "
[Hound Master]::1 - [Sun, 15 Sep 2019 22:30:18 CST] "POST /nodes/update HTTP/1.1 200 6.47944ms "Go-http-client/1.1" "
[Hound Master]::1 - [Sun, 15 Sep 2019 22:30:19 CST] "POST /nodes/update HTTP/1.1 200 6.536046ms "Go-http-client/1.1" "
[Hound Master]::1 - [Sun, 15 Sep 2019 22:30:20 CST] "POST /nodes/update HTTP/1.1 200 6.761952ms "Go-http-client/1.1" "
[Hound Master]::1 - [Sun, 15 Sep 2019 22:30:21 CST] "POST /nodes/update HTTP/1.1 200 944.573µs "Go-http-client/1.1" "
[Hound Master]::1 - [Sun, 15 Sep 2019 22:30:22 CST] "POST /nodes/update HTTP/1.1 200 959.411µs "Go-http-client/1.1" "
[Hound Master]::1 - [Sun, 15 Sep 2019 22:30:23 CST] "POST /nodes/update HTTP/1.1 200 988.099µs "Go-http-client/1.1" "
[Hound Master]::1 - [Sun, 15 Sep 2019 22:30:24 CST] "POST /nodes/update HTTP/1.1 200 6.5698ms "Go-http-client/1.1" "
[Hound Master]::1 - [Sun, 15 Sep 2019 22:30:25 CST] "POST /nodes/update HTTP/1.1 200 6.450798ms "Go-http-client/1.1" "
[Hound Master]::1 - [Sun, 15 Sep 2019 22:30:26 CST] "POST /nodes/update HTTP/1.1 200 6.696392ms "Go-http-client/1.1" "
[Hound Master]::1 - [Sun, 15 Sep 2019 22:30:27 CST] "POST /nodes/update HTTP/1.1 200 6.513945ms "Go-http-client/1.1" "
[Hound Master]::1 - [Sun, 15 Sep 2019 22:30:28 CST] "POST /nodes/update HTTP/1.1 200 972.797µs "Go-http-client/1.1" "
[Hound Master]::1 - [Sun, 15 Sep 2019 22:30:29 CST] "POST /nodes/update HTTP/1.1 200 6.436745ms "Go-http-client/1.1" "
[Hound Master]::1 - [Sun, 15 Sep 2019 22:30:30 CST] "POST /nodes/update HTTP/1.1 200 6.789733ms "Go-http-client/1.1" "
[Hound Master]::1 - [Sun, 15 Sep 2019 22:30:31 CST] "POST /nodes/update HTTP/1.1 200 6.643636ms "Go-http-client/1.1" "
[Hound Master]::1 - [Sun, 15 Sep 2019 22:30:32 CST] "POST /nodes/update HTTP/1.1 200 7.122954ms "Go-http-client/1.1" "
[Hound Master]::1 - [Sun, 15 Sep 2019 22:30:33 CST] "POST /nodes/update HTTP/1.1 200 6.433864ms "Go-http-client/1.1" "
[Hound Master]::1 - [Sun, 15 Sep 2019 22:30:34 CST] "POST /nodes/update HTTP/1.1 200 6.494406ms "Go-http-client/1.1" "
[Hound Master]::1 - [Sun, 15 Sep 2019 22:30:35 CST] "POST /nodes/update HTTP/1.1 200 6.420502ms "Go-http-client/1.1" "
[Hound Master]::1 - [Sun, 15 Sep 2019 22:30:36 CST] "POST /nodes/update HTTP/1.1 200 6.430886ms "Go-http-client/1.1" "
[Hound Master]::1 - [Sun, 15 Sep 2019 22:30:37 CST] "POST /nodes/update HTTP/1.1 200 6.69904ms "Go-http-client/1.1" "
[Hound Master]::1 - [Sun, 15 Sep 2019 22:30:38 CST] "POST /nodes/update HTTP/1.1 200 6.43074ms "Go-http-client/1.1" "
[Hound Master]::1 - [Sun, 15 Sep 2019 22:30:39 CST] "POST /nodes/update HTTP/1.1 200 6.610536ms "Go-http-client/1.1" "
[Hound Master]::1 - [Sun, 15 Sep 2019 22:30:40 CST] "POST /nodes/update HTTP/1.1 200 6.509336ms "Go-http-client/1.1" "
[Hound Master]::1 - [Sun, 15 Sep 2019 22:30:41 CST] "POST /nodes/update HTTP/1.1 200 6.469145ms "Go-http-client/1.1" "
[Hound Master]::1 - [Sun, 15 Sep 2019 22:30:42 CST] "POST /nodes/update HTTP/1.1 200 6.399715ms "Go-http-client/1.1" "
[Hound Master]::1 - [Sun, 15 Sep 2019 22:30:43 CST] "POST /nodes/update HTTP/1.1 200 6.63978ms "Go-http-client/1.1" "
[Hound Master]::1 - [Sun, 15 Sep 2019 22:30:44 CST] "POST /nodes/update HTTP/1.1 200 953.414µs "Go-http-client/1.1" "
[Hound Master]::1 - [Sun, 15 Sep 2019 22:30:45 CST] "POST /nodes/update HTTP/1.1 200 1.01963ms "Go-http-client/1.1" "
[Hound Master]::1 - [Sun, 15 Sep 2019 22:30:46 CST] "POST /nodes/update HTTP/1.1 200 6.486235ms "Go-http-client/1.1" "
[Hound Master]::1 - [Sun, 15 Sep 2019 22:30:47 CST] "POST /nodes/update HTTP/1.1 200 6.474642ms "Go-http-client/1.1" "
[Hound Master]::1 - [Sun, 15 Sep 2019 22:30:48 CST] "POST /nodes/update HTTP/1.1 200 6.392404ms "Go-http-client/1.1" "
[Hound Master]::1 - [Sun, 15 Sep 2019 22:30:49 CST] "POST /nodes/update HTTP/1.1 200 2.600518ms "Go-http-client/1.1" "
[Hound Master]::1 - [Sun, 15 Sep 2019 22:30:50 CST] "POST /nodes/update HTTP/1.1 200 1.035165ms "Go-http-client/1.1" "
[Hound Master]::1 - [Sun, 15 Sep 2019 22:30:51 CST] "POST /nodes/update HTTP/1.1 200 6.62646ms "Go-http-client/1.1" "
[Hound Master]::1 - [Sun, 15 Sep 2019 22:30:52 CST] "POST /nodes/update HTTP/1.1 200 6.991226ms "Go-http-client/1.1" "
[Hound Master]::1 - [Sun, 15 Sep 2019 22:30:53 CST] "POST /nodes/update HTTP/1.1 200 6.532685ms "Go-http-client/1.1" "
[Hound Master]::1 - [Sun, 15 Sep 2019 22:30:54 CST] "POST /nodes/update HTTP/1.1 200 6.394542ms "Go-http-client/1.1" "
[Hound Master]::1 - [Sun, 15 Sep 2019 22:30:55 CST] "POST /nodes/update HTTP/1.1 200 6.408745ms "Go-http-client/1.1" "
[Hound Master]::1 - [Sun, 15 Sep 2019 22:30:56 CST] "POST /nodes/update HTTP/1.1 200 6.334373ms "Go-http-client/1.1" "
[Hound Master]::1 - [Sun, 15 Sep 2019 22:30:57 CST] "POST /nodes/update HTTP/1.1 200 6.532237ms "Go-http-client/1.1" "
[Hound Master]::1 - [Sun, 15 Sep 2019 22:30:58 CST] "POST /nodes/update HTTP/1.1 200 6.523143ms "Go-http-client/1.1" "
[Hound Master]::1 - [Sun, 15 Sep 2019 22:30:59 CST] "POST /nodes/update HTTP/1.1 200 6.569432ms "Go-http-client/1.1" "
[Hound Master]127.0.0.1 - [Sun, 15 Sep 2019 22:33:23 CST] "GET /labels/list HTTP/1.1 200 222.788µs "PostmanRuntime/7.15.0" "
[Hound Master]127.0.0.1 - [Sun, 15 Sep 2019 22:34:26 CST] "POST /labels/node?node=localhost&label=test HTTP/1.1 200 273.29µs "PostmanRuntime/7.15.0" "
[Hound Master]::1 - [Sun, 15 Sep 2019 22:35:00 CST] "POST /nodes/update HTTP/1.1 200 10.352618ms "Go-http-client/1.1" "
[Hound Master]::1 - [Sun, 15 Sep 2019 22:35:01 CST] "POST /nodes/update HTTP/1.1 200 6.452776ms "Go-http-client/1.1" "
[Hound Master]::1 - [Sun, 15 Sep 2019 22:35:02 CST] "POST /nodes/update HTTP/1.1 200 6.717974ms "Go-http-client/1.1" "
[Hound Master]::1 - [Sun, 15 Sep 2019 22:35:03 CST] "POST /nodes/update HTTP/1.1 200 6.6212ms "Go-http-client/1.1" "
[Hound Master]::1 - [Sun, 15 Sep 2019 22:35:04 CST] "POST /nodes/update HTTP/1.1 200 6.669942ms "Go-http-client/1.1" "
[Hound Master]::1 - [Sun, 15 Sep 2019 22:35:05 CST] "POST /nodes/update HTTP/1.1 200 1.246737ms "Go-http-client/1.1" "
[Hound Master]::1 - [Sun, 15 Sep 2019 22:35:06 CST] "POST /nodes/update HTTP/1.1 200 6.604461ms "Go-http-client/1.1" "
[Hound Master]::1 - [Sun, 15 Sep 2019 22:35:07 CST] "POST /nodes/update HTTP/1.1 200 6.598558ms "Go-http-client/1.1" "
[Hound Master]::1 - [Sun, 15 Sep 2019 22:35:08 CST] "POST /nodes/update HTTP/1.1 200 6.607695ms "Go-http-client/1.1" "
[Hound Master]::1 - [Sun, 15 Sep 2019 22:35:09 CST] "POST /nodes/update HTTP/1.1 200 6.590748ms "Go-http-client/1.1" "
[Hound Master]::1 - [Sun, 15 Sep 2019 22:35:10 CST] "POST /nodes/update HTTP/1.1 200 1.183025ms "Go-http-client/1.1" "
[Hound Master]::1 - [Sun, 15 Sep 2019 22:35:11 CST] "POST /nodes/update HTTP/1.1 200 3.394365ms "Go-http-client/1.1" "
[Hound Master]::1 - [Sun, 15 Sep 2019 22:35:12 CST] "POST /nodes/update HTTP/1.1 200 6.701963ms "Go-http-client/1.1" "
[Hound Master]::1 - [Sun, 15 Sep 2019 22:35:13 CST] "POST /nodes/update HTTP/1.1 200 6.730576ms "Go-http-client/1.1" "
[Hound Master]::1 - [Sun, 15 Sep 2019 22:35:14 CST] "POST /nodes/update HTTP/1.1 200 6.63653ms "Go-http-client/1.1" "
[Hound Master]::1 - [Sun, 15 Sep 2019 22:35:15 CST] "POST /nodes/update HTTP/1.1 200 1.161578ms "Go-http-client/1.1" "
[Hound Master]::1 - [Sun, 15 Sep 2019 22:35:16 CST] "POST /nodes/update HTTP/1.1 200 6.39492ms "Go-http-client/1.1" "
[Hound Master]::1 - [Sun, 15 Sep 2019 22:35:17 CST] "POST /nodes/update HTTP/1.1 200 6.739025ms "Go-http-client/1.1" "
[Hound Master]::1 - [Sun, 15 Sep 2019 22:35:18 CST] "POST /nodes/update HTTP/1.1 200 6.774949ms "Go-http-client/1.1" "
[Hound Master]::1 - [Sun, 15 Sep 2019 22:35:19 CST] "POST /nodes/update HTTP/1.1 200 2.578576ms "Go-http-client/1.1" "
[Hound Master]::1 - [Sun, 15 Sep 2019 22:35:20 CST] "POST /nodes/update HTTP/1.1 200 6.626446ms "Go-http-client/1.1" "
[Hound Master]::1 - [Sun, 15 Sep 2019 22:35:21 CST] "POST /nodes/update HTTP/1.1 200 1.018934ms "Go-http-client/1.1" "
[Hound Master]127.0.0.1 - [Sun, 15 Sep 2019 22:35:21 CST] "POST /labels/add?node=localhost&label=test HTTP/1.1 200 1.366599ms "PostmanRuntime/7.15.0" "
[Hound Master]::1 - [Sun, 15 Sep 2019 22:35:22 CST] "POST /nodes/update HTTP/1.1 200 6.568511ms "Go-http-client/1.1" "
[Hound Master]::1 - [Sun, 15 Sep 2019 22:35:23 CST] "POST /nodes/update HTTP/1.1 200 6.404566ms "Go-http-client/1.1" "
[Hound Master]::1 - [Sun, 15 Sep 2019 22:35:24 CST] "POST /nodes/update HTTP/1.1 200 6.682647ms "Go-http-client/1.1" "
[Hound Master]::1 - [Sun, 15 Sep 2019 22:35:25 CST] "POST /nodes/update HTTP/1.1 200 6.783784ms "Go-http-client/1.1" "
[Hound Master]::1 - [Sun, 15 Sep 2019 22:35:26 CST] "POST /nodes/update HTTP/1.1 200 6.86526ms "Go-http-client/1.1" "
[Hound Master]::1 - [Sun, 15 Sep 2019 22:35:27 CST] "POST /nodes/update HTTP/1.1 200 991.328µs "Go-http-client/1.1" "
[Hound Master]::1 - [Sun, 15 Sep 2019 22:35:28 CST] "POST /nodes/update HTTP/1.1 200 1.504017ms "Go-http-client/1.1" "
[Hound Master]::1 - [Sun, 15 Sep 2019 22:35:29 CST] "POST /nodes/update HTTP/1.1 200 6.566814ms "Go-http-client/1.1" "
[Hound Master]::1 - [Sun, 15 Sep 2019 22:35:30 CST] "POST /nodes/update HTTP/1.1 200 10.74251ms "Go-http-client/1.1" "
[Hound Master]::1 - [Sun, 15 Sep 2019 22:35:31 CST] "POST /nodes/update HTTP/1.1 200 880.841µs "Go-http-client/1.1" "
[Hound Master]::1 - [Sun, 15 Sep 2019 22:35:32 CST] "POST /nodes/update HTTP/1.1 200 6.615966ms "Go-http-client/1.1" "
[Hound Master]127.0.0.1 - [Sun, 15 Sep 2019 22:35:32 CST] "GET /labels/list HTTP/1.1 200 247.351µs "PostmanRuntime/7.15.0" "
[Hound Master]::1 - [Sun, 15 Sep 2019 22:35:33 CST] "POST /nodes/update HTTP/1.1 200 1.516485ms "Go-http-client/1.1" "
[Hound Master]::1 - [Sun, 15 Sep 2019 22:35:34 CST] "POST /nodes/update HTTP/1.1 200 6.860786ms "Go-http-client/1.1" "
[Hound Master]::1 - [Sun, 15 Sep 2019 22:35:35 CST] "POST /nodes/update HTTP/1.1 200 6.303953ms "Go-http-client/1.1" "
[Hound Master]::1 - [Sun, 15 Sep 2019 22:35:36 CST] "POST /nodes/update HTTP/1.1 200 6.441465ms "Go-http-client/1.1" "
[Hound Master]::1 - [Sun, 15 Sep 2019 22:35:37 CST] "POST /nodes/update HTTP/1.1 200 6.448339ms "Go-http-client/1.1" "
[Hound Master]::1 - [Sun, 15 Sep 2019 22:35:38 CST] "POST /nodes/update HTTP/1.1 200 1.184648ms "Go-http-client/1.1" "
[Hound Master]::1 - [Sun, 15 Sep 2019 22:35:39 CST] "POST /nodes/update HTTP/1.1 200 6.523028ms "Go-http-client/1.1" "
[Hound Master]::1 - [Sun, 15 Sep 2019 22:35:40 CST] "POST /nodes/update HTTP/1.1 200 6.719405ms "Go-http-client/1.1" "
[Hound Master]::1 - [Sun, 15 Sep 2019 22:35:41 CST] "POST /nodes/update HTTP/1.1 200 6.896415ms "Go-http-client/1.1" "
[Hound Master]::1 - [Sun, 15 Sep 2019 22:35:42 CST] "POST /nodes/update HTTP/1.1 200 6.526912ms "Go-http-client/1.1" "
[Hound Master]::1 - [Sun, 15 Sep 2019 22:35:43 CST] "POST /nodes/update HTTP/1.1 200 995.375µs "Go-http-client/1.1" "
[Hound Master]::1 - [Sun, 15 Sep 2019 22:35:44 CST] "POST /nodes/update HTTP/1.1 200 6.811848ms "Go-http-client/1.1" "
[Hound Master]::1 - [Sun, 15 Sep 2019 22:35:45 CST] "POST /nodes/update HTTP/1.1 200 6.737955ms "Go-http-client/1.1" "
[Hound Master]::1 - [Sun, 15 Sep 2019 22:35:46 CST] "POST /nodes/update HTTP/1.1 200 6.98912ms "Go-http-client/1.1" "
[Hound Master]::1 - [Sun, 15 Sep 2019 22:35:47 CST] "POST /nodes/update HTTP/1.1 200 6.601751ms "Go-http-client/1.1" "
[Hound Master]::1 - [Sun, 15 Sep 2019 22:35:48 CST] "POST /nodes/update HTTP/1.1 200 6.532969ms "Go-http-client/1.1" "
[Hound Master]::1 - [Sun, 15 Sep 2019 22:35:49 CST] "POST /nodes/update HTTP/1.1 200 1.177304ms "Go-http-client/1.1" "
[Hound Master]::1 - [Sun, 15 Sep 2019 22:35:50 CST] "POST /nodes/update HTTP/1.1 200 2.666817ms "Go-http-client/1.1" "
[Hound Master]::1 - [Sun, 15 Sep 2019 22:35:51 CST] "POST /nodes/update HTTP/1.1 200 6.699169ms "Go-http-client/1.1" "
[Hound Master]::1 - [Sun, 15 Sep 2019 22:35:52 CST] "POST /nodes/update HTTP/1.1 200 6.668789ms "Go-http-client/1.1" "
[Hound Master]::1 - [Sun, 15 Sep 2019 22:35:53 CST] "POST /nodes/update HTTP/1.1 200 6.483121ms "Go-http-client/1.1" "
[Hound Master]::1 - [Sun, 15 Sep 2019 22:35:54 CST] "POST /nodes/update HTTP/1.1 200 1.040061ms "Go-http-client/1.1" "
[Hound Master]::1 - [Sun, 15 Sep 2019 22:35:55 CST] "POST /nodes/update HTTP/1.1 200 7.006439ms "Go-http-client/1.1" "
[Hound Master]::1 - [Sun, 15 Sep 2019 22:35:56 CST] "POST /nodes/update HTTP/1.1 200 2.513429ms "Go-http-client/1.1" "
[Hound Master]::1 - [Sun, 15 Sep 2019 22:35:57 CST] "POST /nodes/update HTTP/1.1 200 6.60544ms "Go-http-client/1.1" "
[Hound Master]::1 - [Sun, 15 Sep 2019 22:35:58 CST] "POST /nodes/update HTTP/1.1 200 6.669155ms "Go-http-client/1.1" "
[Hound Master]::1 - [Sun, 15 Sep 2019 22:35:59 CST] "POST /nodes/update HTTP/1.1 200 7.065341ms "Go-http-client/1.1" "
[Hound Master]127.0.0.1 - [Sun, 15 Sep 2019 22:36:02 CST] "POST /labels/add?node=localhost&label=test HTTP/1.1 200 873.851µs "PostmanRuntime/7.15.0" "
[Hound Master]127.0.0.1 - [Sun, 15 Sep 2019 22:36:07 CST] "GET /labels/list HTTP/1.1 200 199.934µs "PostmanRuntime/7.15.0" "
[Hound Master]127.0.0.1 - [Sun, 15 Sep 2019 22:36:09 CST] "GET /labels/list HTTP/1.1 200 153.949µs "PostmanRuntime/7.15.0" "
[Hound Master]127.0.0.1 - [Sun, 15 Sep 2019 22:37:24 CST] "POST /labels/add HTTP/1.1 200 1.245399ms "PostmanRuntime/7.15.0" "
[Hound Master]127.0.0.1 - [Sun, 15 Sep 2019 22:37:26 CST] "GET /labels/list HTTP/1.1 200 309.844µs "PostmanRuntime/7.15.0" "
[Hound Master]127.0.0.1 - [Sun, 15 Sep 2019 22:38:30 CST] "POST /operations/pull HTTP/1.1 200 7.327129ms "PostmanRuntime/7.15.0" "
[Hound Master]::1 - [Sun, 15 Sep 2019 22:40:00 CST] "POST /nodes/update HTTP/1.1 200 1.342396ms "Go-http-client/1.1" "
[Hound Master]::1 - [Sun, 15 Sep 2019 22:40:01 CST] "POST /nodes/update HTTP/1.1 200 6.903457ms "Go-http-client/1.1" "
[Hound Master]::1 - [Sun, 15 Sep 2019 22:40:02 CST] "POST /nodes/update HTTP/1.1 200 2.536082ms "Go-http-client/1.1" "
[Hound Master]::1 - [Sun, 15 Sep 2019 22:40:03 CST] "POST /nodes/update HTTP/1.1 200 6.548065ms "Go-http-client/1.1" "
[Hound Master]::1 - [Sun, 15 Sep 2019 22:40:04 CST] "POST /nodes/update HTTP/1.1 200 6.626999ms "Go-http-client/1.1" "
[Hound Master]::1 - [Sun, 15 Sep 2019 22:40:05 CST] "POST /nodes/update HTTP/1.1 200 935.686µs "Go-http-client/1.1" "
[Hound Master]::1 - [Sun, 15 Sep 2019 22:40:06 CST] "POST /nodes/update HTTP/1.1 200 6.527787ms "Go-http-client/1.1" "
[Hound Master]::1 - [Sun, 15 Sep 2019 22:40:07 CST] "POST /nodes/update HTTP/1.1 200 6.576411ms "Go-http-client/1.1" "
[Hound Master]::1 - [Sun, 15 Sep 2019 22:40:08 CST] "POST /nodes/update HTTP/1.1 200 6.597503ms "Go-http-client/1.1" "
[Hound Master]::1 - [Sun, 15 Sep 2019 22:40:09 CST] "POST /nodes/update HTTP/1.1 200 1.06601ms "Go-http-client/1.1" "
[Hound Master]::1 - [Sun, 15 Sep 2019 22:40:10 CST] "POST /nodes/update HTTP/1.1 200 957.03µs "Go-http-client/1.1" "
[Hound Master]::1 - [Sun, 15 Sep 2019 22:40:11 CST] "POST /nodes/update HTTP/1.1 200 6.5496ms "Go-http-client/1.1" "
[Hound Master]::1 - [Sun, 15 Sep 2019 22:40:12 CST] "POST /nodes/update HTTP/1.1 200 6.462127ms "Go-http-client/1.1" "
[Hound Master]::1 - [Sun, 15 Sep 2019 22:40:13 CST] "POST /nodes/update HTTP/1.1 200 6.468416ms "Go-http-client/1.1" "
[Hound Master]::1 - [Sun, 15 Sep 2019 22:40:14 CST] "POST /nodes/update HTTP/1.1 200 6.435583ms "Go-http-client/1.1" "
[Hound Master]::1 - [Sun, 15 Sep 2019 22:40:15 CST] "POST /nodes/update HTTP/1.1 200 6.591973ms "Go-http-client/1.1" "
[Hound Master]::1 - [Sun, 15 Sep 2019 22:40:16 CST] "POST /nodes/update HTTP/1.1 200 6.720463ms "Go-http-client/1.1" "
[Hound Master]::1 - [Sun, 15 Sep 2019 22:40:17 CST] "POST /nodes/update HTTP/1.1 200 1.259762ms "Go-http-client/1.1" "
[Hound Master]::1 - [Sun, 15 Sep 2019 22:40:18 CST] "POST /nodes/update HTTP/1.1 200 6.514474ms "Go-http-client/1.1" "
[Hound Master]127.0.0.1 - [Sun, 15 Sep 2019 22:40:18 CST] "POST /operations/prune HTTP/1.1 200 5.640222ms "PostmanRuntime/7.15.0" "
[Hound Master]::1 - [Sun, 15 Sep 2019 22:40:19 CST] "POST /nodes/update HTTP/1.1 200 6.739006ms "Go-http-client/1.1" "
[Hound Master]::1 - [Sun, 15 Sep 2019 22:40:20 CST] "POST /nodes/update HTTP/1.1 200 6.763829ms "Go-http-client/1.1" "
[Hound Master]::1 - [Sun, 15 Sep 2019 22:40:21 CST] "POST /nodes/update HTTP/1.1 200 6.425396ms "Go-http-client/1.1" "
[Hound Master]::1 - [Sun, 15 Sep 2019 22:40:22 CST] "POST /nodes/update HTTP/1.1 200 1.090163ms "Go-http-client/1.1" "
[Hound Master]::1 - [Sun, 15 Sep 2019 22:40:23 CST] "POST /nodes/update HTTP/1.1 200 2.818445ms "Go-http-client/1.1" "
[Hound Master]::1 - [Sun, 15 Sep 2019 22:40:24 CST] "POST /nodes/update HTTP/1.1 200 6.771205ms "Go-http-client/1.1" "
[Hound Master]::1 - [Sun, 15 Sep 2019 22:40:25 CST] "POST /nodes/update HTTP/1.1 200 6.481941ms "Go-http-client/1.1" "
[Hound Master]::1 - [Sun, 15 Sep 2019 22:40:26 CST] "POST /nodes/update HTTP/1.1 200 6.834166ms "Go-http-client/1.1" "
[Hound Master]::1 - [Sun, 15 Sep 2019 22:40:27 CST] "POST /nodes/update HTTP/1.1 200 6.543601ms "Go-http-client/1.1" "
[Hound Master]::1 - [Sun, 15 Sep 2019 22:40:28 CST] "POST /nodes/update HTTP/1.1 200 917.173µs "Go-http-client/1.1" "
[Hound Master]::1 - [Sun, 15 Sep 2019 22:40:29 CST] "POST /nodes/update HTTP/1.1 200 6.442359ms "Go-http-client/1.1" "
[Hound Master]::1 - [Sun, 15 Sep 2019 22:40:30 CST] "POST /nodes/update HTTP/1.1 200 10.663557ms "Go-http-client/1.1" "
[Hound Master]::1 - [Sun, 15 Sep 2019 22:40:31 CST] "POST /nodes/update HTTP/1.1 200 6.5048ms "Go-http-client/1.1" "
[Hound Master]::1 - [Sun, 15 Sep 2019 22:40:32 CST] "POST /nodes/update HTTP/1.1 200 6.50549ms "Go-http-client/1.1" "
[Hound Master]::1 - [Sun, 15 Sep 2019 22:40:33 CST] "POST /nodes/update HTTP/1.1 200 1.088303ms "Go-http-client/1.1" "
[Hound Master]::1 - [Sun, 15 Sep 2019 22:40:34 CST] "POST /nodes/update HTTP/1.1 200 6.67169ms "Go-http-client/1.1" "
[Hound Master]::1 - [Sun, 15 Sep 2019 22:40:35 CST] "POST /nodes/update HTTP/1.1 200 6.627221ms "Go-http-client/1.1" "
[Hound Master]::1 - [Sun, 15 Sep 2019 22:40:36 CST] "POST /nodes/update HTTP/1.1 200 6.408157ms "Go-http-client/1.1" "
[Hound Master]::1 - [Sun, 15 Sep 2019 22:40:37 CST] "POST /nodes/update HTTP/1.1 200 6.700332ms "Go-http-client/1.1" "
[Hound Master]::1 - [Sun, 15 Sep 2019 22:40:38 CST] "POST /nodes/update HTTP/1.1 200 6.373659ms "Go-http-client/1.1" "
[Hound Master]::1 - [Sun, 15 Sep 2019 22:40:39 CST] "POST /nodes/update HTTP/1.1 200 1.053302ms "Go-http-client/1.1" "
[Hound Master]::1 - [Sun, 15 Sep 2019 22:40:40 CST] "POST /nodes/update HTTP/1.1 200 1.045521ms "Go-http-client/1.1" "
[Hound Master]::1 - [Sun, 15 Sep 2019 22:40:41 CST] "POST /nodes/update HTTP/1.1 200 6.447669ms "Go-http-client/1.1" "
[Hound Master]::1 - [Sun, 15 Sep 2019 22:40:42 CST] "POST /nodes/update HTTP/1.1 200 1.394818ms "Go-http-client/1.1" "
[Hound Master]::1 - [Sun, 15 Sep 2019 22:40:43 CST] "POST /nodes/update HTTP/1.1 200 1.399651ms "Go-http-client/1.1" "
[Hound Master]::1 - [Sun, 15 Sep 2019 22:40:44 CST] "POST /nodes/update HTTP/1.1 200 6.627389ms "Go-http-client/1.1" "
[Hound Master]::1 - [Sun, 15 Sep 2019 22:40:45 CST] "POST /nodes/update HTTP/1.1 200 6.505915ms "Go-http-client/1.1" "
[Hound Master]::1 - [Sun, 15 Sep 2019 22:40:46 CST] "POST /nodes/update HTTP/1.1 200 1.070025ms "Go-http-client/1.1" "
[Hound Master]::1 - [Sun, 15 Sep 2019 22:40:47 CST] "POST /nodes/update HTTP/1.1 200 963.493µs "Go-http-client/1.1" "
[Hound Master]::1 - [Sun, 15 Sep 2019 22:40:48 CST] "POST /nodes/update HTTP/1.1 200 6.424112ms "Go-http-client/1.1" "
[Hound Master]::1 - [Sun, 15 Sep 2019 22:40:49 CST] "POST /nodes/update HTTP/1.1 200 1.175815ms "Go-http-client/1.1" "
[Hound Master]::1 - [Sun, 15 Sep 2019 22:40:50 CST] "POST /nodes/update HTTP/1.1 200 6.374764ms "Go-http-client/1.1" "
[Hound Master]::1 - [Sun, 15 Sep 2019 22:40:51 CST] "POST /nodes/update HTTP/1.1 200 6.831113ms "Go-http-client/1.1" "
[Hound Master]::1 - [Sun, 15 Sep 2019 22:40:52 CST] "POST /nodes/update HTTP/1.1 200 873.604µs "Go-http-client/1.1" "
[Hound Master]::1 - [Sun, 15 Sep 2019 22:40:53 CST] "POST /nodes/update HTTP/1.1 200 6.419777ms "Go-http-client/1.1" "
[Hound Master]::1 - [Sun, 15 Sep 2019 22:40:54 CST] "POST /nodes/update HTTP/1.1 200 6.499988ms "Go-http-client/1.1" "
[Hound Master]::1 - [Sun, 15 Sep 2019 22:40:55 CST] "POST /nodes/update HTTP/1.1 200 6.736247ms "Go-http-client/1.1" "
[Hound Master]::1 - [Sun, 15 Sep 2019 22:40:56 CST] "POST /nodes/update HTTP/1.1 200 6.483977ms "Go-http-client/1.1" "
[Hound Master]::1 - [Sun, 15 Sep 2019 22:40:57 CST] "POST /nodes/update HTTP/1.1 200 6.423883ms "Go-http-client/1.1" "
[Hound Master]::1 - [Sun, 15 Sep 2019 22:40:58 CST] "POST /nodes/update HTTP/1.1 200 1.060814ms "Go-http-client/1.1" "
[Hound Master]::1 - [Sun, 15 Sep 2019 22:40:59 CST] "POST /nodes/update HTTP/1.1 200 6.549801ms "Go-http-client/1.1" "
[Hound Master]127.0.0.1 - [Sun, 15 Sep 2019 22:42:05 CST] "GET /tokens/list HTTP/1.1 200 333.298µs "PostmanRuntime/7.15.0" "
[Hound Master]::1 - [Sun, 15 Sep 2019 22:45:00 CST] "POST /nodes/update HTTP/1.1 200 6.567112ms "Go-http-client/1.1" "
[Hound Master]::1 - [Sun, 15 Sep 2019 22:45:01 CST] "POST /nodes/update HTTP/1.1 200 6.466728ms "Go-http-client/1.1" "
[Hound Master]::1 - [Sun, 15 Sep 2019 22:45:02 CST] "POST /nodes/update HTTP/1.1 200 6.675339ms "Go-http-client/1.1" "
[Hound Master]::1 - [Sun, 15 Sep 2019 22:45:03 CST] "POST /nodes/update HTTP/1.1 200 6.554086ms "Go-http-client/1.1" "
[Hound Master]::1 - [Sun, 15 Sep 2019 22:45:04 CST] "POST /nodes/update HTTP/1.1 200 6.517255ms "Go-http-client/1.1" "
[Hound Master]::1 - [Sun, 15 Sep 2019 22:45:05 CST] "POST /nodes/update HTTP/1.1 200 971.715µs "Go-http-client/1.1" "
[Hound Master]::1 - [Sun, 15 Sep 2019 22:45:06 CST] "POST /nodes/update HTTP/1.1 200 6.643587ms "Go-http-client/1.1" "
[Hound Master]::1 - [Sun, 15 Sep 2019 22:45:07 CST] "POST /nodes/update HTTP/1.1 200 6.43043ms "Go-http-client/1.1" "
[Hound Master]::1 - [Sun, 15 Sep 2019 22:45:08 CST] "POST /nodes/update HTTP/1.1 200 6.69533ms "Go-http-client/1.1" "
[Hound Master]::1 - [Sun, 15 Sep 2019 22:45:09 CST] "POST /nodes/update HTTP/1.1 200 6.491323ms "Go-http-client/1.1" "
[Hound Master]::1 - [Sun, 15 Sep 2019 22:45:10 CST] "POST /nodes/update HTTP/1.1 200 6.554082ms "Go-http-client/1.1" "
[Hound Master]::1 - [Sun, 15 Sep 2019 22:45:11 CST] "POST /nodes/update HTTP/1.1 200 953.42µs "Go-http-client/1.1" "
[Hound Master]::1 - [Sun, 15 Sep 2019 22:45:12 CST] "POST /nodes/update HTTP/1.1 200 6.446133ms "Go-http-client/1.1" "
[Hound Master]::1 - [Sun, 15 Sep 2019 22:45:13 CST] "POST /nodes/update HTTP/1.1 200 6.624684ms "Go-http-client/1.1" "
[Hound Master]::1 - [Sun, 15 Sep 2019 22:45:14 CST] "POST /nodes/update HTTP/1.1 200 6.444064ms "Go-http-client/1.1" "
[Hound Master]::1 - [Sun, 15 Sep 2019 22:45:15 CST] "POST /nodes/update HTTP/1.1 200 6.66841ms "Go-http-client/1.1" "
[Hound Master]::1 - [Sun, 15 Sep 2019 22:45:16 CST] "POST /nodes/update HTTP/1.1 200 6.617143ms "Go-http-client/1.1" "
[Hound Master]::1 - [Sun, 15 Sep 2019 22:45:17 CST] "POST /nodes/update HTTP/1.1 200 999.085µs "Go-http-client/1.1" "
[Hound Master]::1 - [Sun, 15 Sep 2019 22:45:18 CST] "POST /nodes/update HTTP/1.1 200 6.67589ms "Go-http-client/1.1" "
[Hound Master]::1 - [Sun, 15 Sep 2019 22:45:19 CST] "POST /nodes/update HTTP/1.1 200 6.616992ms "Go-http-client/1.1" "
[Hound Master]::1 - [Sun, 15 Sep 2019 22:45:20 CST] "POST /nodes/update HTTP/1.1 200 6.66493ms "Go-http-client/1.1" "
[Hound Master]::1 - [Sun, 15 Sep 2019 22:45:21 CST] "POST /nodes/update HTTP/1.1 200 6.556178ms "Go-http-client/1.1" "
[Hound Master]::1 - [Sun, 15 Sep 2019 22:45:22 CST] "POST /nodes/update HTTP/1.1 200 6.492951ms "Go-http-client/1.1" "
[Hound Master]::1 - [Sun, 15 Sep 2019 22:45:23 CST] "POST /nodes/update HTTP/1.1 200 949.196µs "Go-http-client/1.1" "
[Hound Master]::1 - [Sun, 15 Sep 2019 22:45:24 CST] "POST /nodes/update HTTP/1.1 200 6.674393ms "Go-http-client/1.1" "
[Hound Master]::1 - [Sun, 15 Sep 2019 22:45:25 CST] "POST /nodes/update HTTP/1.1 200 6.604202ms "Go-http-client/1.1" "
[Hound Master]::1 - [Sun, 15 Sep 2019 22:45:26 CST] "POST /nodes/update HTTP/1.1 200 6.626819ms "Go-http-client/1.1" "
[Hound Master]::1 - [Sun, 15 Sep 2019 22:45:27 CST] "POST /nodes/update HTTP/1.1 200 6.417004ms "Go-http-client/1.1" "
[Hound Master]::1 - [Sun, 15 Sep 2019 22:45:28 CST] "POST /nodes/update HTTP/1.1 200 6.624831ms "Go-http-client/1.1" "
[Hound Master]::1 - [Sun, 15 Sep 2019 22:45:29 CST] "POST /nodes/update HTTP/1.1 200 1.372903ms "Go-http-client/1.1" "
[Hound Master]::1 - [Sun, 15 Sep 2019 22:45:30 CST] "POST /nodes/update HTTP/1.1 200 6.573892ms "Go-http-client/1.1" "
[Hound Master]::1 - [Sun, 15 Sep 2019 22:45:31 CST] "POST /nodes/update HTTP/1.1 200 6.472898ms "Go-http-client/1.1" "
[Hound Master]::1 - [Sun, 15 Sep 2019 22:45:32 CST] "POST /nodes/update HTTP/1.1 200 6.486205ms "Go-http-client/1.1" "
[Hound Master]::1 - [Sun, 15 Sep 2019 22:45:33 CST] "POST /nodes/update HTTP/1.1 200 6.386873ms "Go-http-client/1.1" "
[Hound Master]::1 - [Sun, 15 Sep 2019 22:45:34 CST] "POST /nodes/update HTTP/1.1 200 916.308µs "Go-http-client/1.1" "
[Hound Master]::1 - [Sun, 15 Sep 2019 22:45:35 CST] "POST /nodes/update HTTP/1.1 200 6.506227ms "Go-http-client/1.1" "
[Hound Master]::1 - [Sun, 15 Sep 2019 22:45:36 CST] "POST /nodes/update HTTP/1.1 200 6.392916ms "Go-http-client/1.1" "
[Hound Master]::1 - [Sun, 15 Sep 2019 22:45:37 CST] "POST /nodes/update HTTP/1.1 200 6.529587ms "Go-http-client/1.1" "
[Hound Master]::1 - [Sun, 15 Sep 2019 22:45:38 CST] "POST /nodes/update HTTP/1.1 200 6.448319ms "Go-http-client/1.1" "
[Hound Master]::1 - [Sun, 15 Sep 2019 22:45:39 CST] "POST /nodes/update HTTP/1.1 200 1.155467ms "Go-http-client/1.1" "
[Hound Master]::1 - [Sun, 15 Sep 2019 22:45:40 CST] "POST /nodes/update HTTP/1.1 200 6.444003ms "Go-http-client/1.1" "
[Hound Master]::1 - [Sun, 15 Sep 2019 22:45:41 CST] "POST /nodes/update HTTP/1.1 200 6.594354ms "Go-http-client/1.1" "
[Hound Master]::1 - [Sun, 15 Sep 2019 22:45:42 CST] "POST /nodes/update HTTP/1.1 200 6.474689ms "Go-http-client/1.1" "
[Hound Master]::1 - [Sun, 15 Sep 2019 22:45:43 CST] "POST /nodes/update HTTP/1.1 200 6.465739ms "Go-http-client/1.1" "
[Hound Master]::1 - [Sun, 15 Sep 2019 22:45:44 CST] "POST /nodes/update HTTP/1.1 200 950.044µs "Go-http-client/1.1" "
[Hound Master]::1 - [Sun, 15 Sep 2019 22:45:45 CST] "POST /nodes/update HTTP/1.1 200 6.585426ms "Go-http-client/1.1" "
[Hound Master]::1 - [Sun, 15 Sep 2019 22:45:46 CST] "POST /nodes/update HTTP/1.1 200 6.543257ms "Go-http-client/1.1" "
[Hound Master]::1 - [Sun, 15 Sep 2019 22:45:47 CST] "POST /nodes/update HTTP/1.1 200 6.701064ms "Go-http-client/1.1" "
[Hound Master]::1 - [Sun, 15 Sep 2019 22:45:48 CST] "POST /nodes/update HTTP/1.1 200 6.477913ms "Go-http-client/1.1" "
[Hound Master]::1 - [Sun, 15 Sep 2019 22:45:49 CST] "POST /nodes/update HTTP/1.1 200 6.500708ms "Go-http-client/1.1" "
[Hound Master]::1 - [Sun, 15 Sep 2019 22:45:50 CST] "POST /nodes/update HTTP/1.1 200 1.048206ms "Go-http-client/1.1" "
[Hound Master]::1 - [Sun, 15 Sep 2019 22:45:51 CST] "POST /nodes/update HTTP/1.1 200 7.041209ms "Go-http-client/1.1" "
[Hound Master]::1 - [Sun, 15 Sep 2019 22:45:52 CST] "POST /nodes/update HTTP/1.1 200 6.500307ms "Go-http-client/1.1" "
[Hound Master]::1 - [Sun, 15 Sep 2019 22:45:53 CST] "POST /nodes/update HTTP/1.1 200 6.416405ms "Go-http-client/1.1" "
[Hound Master]::1 - [Sun, 15 Sep 2019 22:45:54 CST] "POST /nodes/update HTTP/1.1 200 6.453481ms "Go-http-client/1.1" "
[Hound Master]::1 - [Sun, 15 Sep 2019 22:45:55 CST] "POST /nodes/update HTTP/1.1 200 6.492893ms "Go-http-client/1.1" "
[Hound Master]::1 - [Sun, 15 Sep 2019 22:45:56 CST] "POST /nodes/update HTTP/1.1 200 969.936µs "Go-http-client/1.1" "
[Hound Master]::1 - [Sun, 15 Sep 2019 22:45:57 CST] "POST /nodes/update HTTP/1.1 200 6.577297ms "Go-http-client/1.1" "
[Hound Master]::1 - [Sun, 15 Sep 2019 22:45:58 CST] "POST /nodes/update HTTP/1.1 200 6.446665ms "Go-http-client/1.1" "
[Hound Master]::1 - [Sun, 15 Sep 2019 22:45:59 CST] "POST /nodes/update HTTP/1.1 200 6.496923ms "Go-http-client/1.1" "
[Hound Master]::1 - [Sun, 15 Sep 2019 22:50:00 CST] "POST /nodes/update HTTP/1.1 200 9.587096ms "Go-http-client/1.1" "
[Hound Master]::1 - [Sun, 15 Sep 2019 22:50:01 CST] "POST /nodes/update HTTP/1.1 200 6.629347ms "Go-http-client/1.1" "
[Hound Master]::1 - [Sun, 15 Sep 2019 22:50:02 CST] "POST /nodes/update HTTP/1.1 200 6.453562ms "Go-http-client/1.1" "
[Hound Master]::1 - [Sun, 15 Sep 2019 22:50:03 CST] "POST /nodes/update HTTP/1.1 200 6.349418ms "Go-http-client/1.1" "
[Hound Master]::1 - [Sun, 15 Sep 2019 22:50:04 CST] "POST /nodes/update HTTP/1.1 200 6.382799ms "Go-http-client/1.1" "
[Hound Master]::1 - [Sun, 15 Sep 2019 22:50:05 CST] "POST /nodes/update HTTP/1.1 200 962.033µs "Go-http-client/1.1" "
[Hound Master]::1 - [Sun, 15 Sep 2019 22:50:06 CST] "POST /nodes/update HTTP/1.1 200 6.466063ms "Go-http-client/1.1" "
[Hound Master]::1 - [Sun, 15 Sep 2019 22:50:07 CST] "POST /nodes/update HTTP/1.1 200 6.441271ms "Go-http-client/1.1" "
[Hound Master]::1 - [Sun, 15 Sep 2019 22:50:08 CST] "POST /nodes/update HTTP/1.1 200 6.570362ms "Go-http-client/1.1" "
[Hound Master]::1 - [Sun, 15 Sep 2019 22:50:09 CST] "POST /nodes/update HTTP/1.1 200 6.551164ms "Go-http-client/1.1" "
[Hound Master]::1 - [Sun, 15 Sep 2019 22:50:10 CST] "POST /nodes/update HTTP/1.1 200 949.456µs "Go-http-client/1.1" "
[Hound Master]::1 - [Sun, 15 Sep 2019 22:50:11 CST] "POST /nodes/update HTTP/1.1 200 6.505333ms "Go-http-client/1.1" "
[Hound Master]::1 - [Sun, 15 Sep 2019 22:50:12 CST] "POST /nodes/update HTTP/1.1 200 1.038561ms "Go-http-client/1.1" "
[Hound Master]::1 - [Sun, 15 Sep 2019 22:50:13 CST] "POST /nodes/update HTTP/1.1 200 6.475851ms "Go-http-client/1.1" "
[Hound Master]::1 - [Sun, 15 Sep 2019 22:50:14 CST] "POST /nodes/update HTTP/1.1 200 6.396986ms "Go-http-client/1.1" "
[Hound Master]::1 - [Sun, 15 Sep 2019 22:50:15 CST] "POST /nodes/update HTTP/1.1 200 929.487µs "Go-http-client/1.1" "
[Hound Master]::1 - [Sun, 15 Sep 2019 22:50:16 CST] "POST /nodes/update HTTP/1.1 200 6.371671ms "Go-http-client/1.1" "
[Hound Master]::1 - [Sun, 15 Sep 2019 22:50:17 CST] "POST /nodes/update HTTP/1.1 200 6.705843ms "Go-http-client/1.1" "
[Hound Master]::1 - [Sun, 15 Sep 2019 22:50:18 CST] "POST /nodes/update HTTP/1.1 200 6.435455ms "Go-http-client/1.1" "
[Hound Master]::1 - [Sun, 15 Sep 2019 22:50:19 CST] "POST /nodes/update HTTP/1.1 200 6.545763ms "Go-http-client/1.1" "
[Hound Master]::1 - [Sun, 15 Sep 2019 22:50:20 CST] "POST /nodes/update HTTP/1.1 200 6.489789ms "Go-http-client/1.1" "
[Hound Master]::1 - [Sun, 15 Sep 2019 22:50:21 CST] "POST /nodes/update HTTP/1.1 200 984.415µs "Go-http-client/1.1" "
[Hound Master]::1 - [Sun, 15 Sep 2019 22:50:22 CST] "POST /nodes/update HTTP/1.1 200 6.664171ms "Go-http-client/1.1" "
[Hound Master]::1 - [Sun, 15 Sep 2019 22:50:23 CST] "POST /nodes/update HTTP/1.1 200 2.552856ms "Go-http-client/1.1" "
[Hound Master]::1 - [Sun, 15 Sep 2019 22:50:24 CST] "POST /nodes/update HTTP/1.1 200 6.461984ms "Go-http-client/1.1" "
[Hound Master]::1 - [Sun, 15 Sep 2019 22:50:25 CST] "POST /nodes/update HTTP/1.1 200 6.419618ms "Go-http-client/1.1" "
[Hound Master]::1 - [Sun, 15 Sep 2019 22:50:26 CST] "POST /nodes/update HTTP/1.1 200 6.510988ms "Go-http-client/1.1" "
[Hound Master]::1 - [Sun, 15 Sep 2019 22:50:27 CST] "POST /nodes/update HTTP/1.1 200 1.128877ms "Go-http-client/1.1" "
[Hound Master]::1 - [Sun, 15 Sep 2019 22:50:28 CST] "POST /nodes/update HTTP/1.1 200 6.47873ms "Go-http-client/1.1" "
[Hound Master]::1 - [Sun, 15 Sep 2019 22:50:29 CST] "POST /nodes/update HTTP/1.1 200 6.576136ms "Go-http-client/1.1" "
[Hound Master]::1 - [Sun, 15 Sep 2019 22:50:30 CST] "POST /nodes/update HTTP/1.1 200 4.500189ms "Go-http-client/1.1" "
[Hound Master]::1 - [Sun, 15 Sep 2019 22:50:31 CST] "POST /nodes/update HTTP/1.1 200 6.369668ms "Go-http-client/1.1" "
[Hound Master]::1 - [Sun, 15 Sep 2019 22:50:32 CST] "POST /nodes/update HTTP/1.1 200 6.448062ms "Go-http-client/1.1" "
[Hound Master]::1 - [Sun, 15 Sep 2019 22:50:33 CST] "POST /nodes/update HTTP/1.1 200 1.047736ms "Go-http-client/1.1" "
[Hound Master]::1 - [Sun, 15 Sep 2019 22:50:34 CST] "POST /nodes/update HTTP/1.1 200 6.42826ms "Go-http-client/1.1" "
[Hound Master]::1 - [Sun, 15 Sep 2019 22:50:35 CST] "POST /nodes/update HTTP/1.1 200 6.393937ms "Go-http-client/1.1" "
[Hound Master]::1 - [Sun, 15 Sep 2019 22:50:36 CST] "POST /nodes/update HTTP/1.1 200 6.589965ms "Go-http-client/1.1" "
[Hound Master]::1 - [Sun, 15 Sep 2019 22:50:37 CST] "POST /nodes/update HTTP/1.1 200 6.565783ms "Go-http-client/1.1" "
[Hound Master]::1 - [Sun, 15 Sep 2019 22:50:38 CST] "POST /nodes/update HTTP/1.1 200 1.058591ms "Go-http-client/1.1" "
[Hound Master]::1 - [Sun, 15 Sep 2019 22:50:39 CST] "POST /nodes/update HTTP/1.1 200 6.560596ms "Go-http-client/1.1" "
[Hound Master]::1 - [Sun, 15 Sep 2019 22:50:40 CST] "POST /nodes/update HTTP/1.1 200 6.571352ms "Go-http-client/1.1" "
[Hound Master]::1 - [Sun, 15 Sep 2019 22:50:41 CST] "POST /nodes/update HTTP/1.1 200 6.41605ms "Go-http-client/1.1" "
[Hound Master]::1 - [Sun, 15 Sep 2019 22:50:42 CST] "POST /nodes/update HTTP/1.1 200 6.428551ms "Go-http-client/1.1" "
[Hound Master]::1 - [Sun, 15 Sep 2019 22:50:43 CST] "POST /nodes/update HTTP/1.1 200 6.572405ms "Go-http-client/1.1" "
[Hound Master]::1 - [Sun, 15 Sep 2019 22:50:44 CST] "POST /nodes/update HTTP/1.1 200 6.424044ms "Go-http-client/1.1" "
[Hound Master]::1 - [Sun, 15 Sep 2019 22:50:45 CST] "POST /nodes/update HTTP/1.1 200 971.597µs "Go-http-client/1.1" "
[Hound Master]::1 - [Sun, 15 Sep 2019 22:50:46 CST] "POST /nodes/update HTTP/1.1 200 7.042063ms "Go-http-client/1.1" "
[Hound Master]::1 - [Sun, 15 Sep 2019 22:50:47 CST] "POST /nodes/update HTTP/1.1 200 6.345498ms "Go-http-client/1.1" "
[Hound Master]::1 - [Sun, 15 Sep 2019 22:50:48 CST] "POST /nodes/update HTTP/1.1 200 7.189459ms "Go-http-client/1.1" "
[Hound Master]::1 - [Sun, 15 Sep 2019 22:50:49 CST] "POST /nodes/update HTTP/1.1 200 1.054181ms "Go-http-client/1.1" "
[Hound Master]::1 - [Sun, 15 Sep 2019 22:50:50 CST] "POST /nodes/update HTTP/1.1 200 6.641188ms "Go-http-client/1.1" "
[Hound Master]::1 - [Sun, 15 Sep 2019 22:50:51 CST] "POST /nodes/update HTTP/1.1 200 1.133099ms "Go-http-client/1.1" "
[Hound Master]::1 - [Sun, 15 Sep 2019 22:50:52 CST] "POST /nodes/update HTTP/1.1 200 1.005116ms "Go-http-client/1.1" "
[Hound Master]::1 - [Sun, 15 Sep 2019 22:50:53 CST] "POST /nodes/update HTTP/1.1 200 6.339241ms "Go-http-client/1.1" "
[Hound Master]::1 - [Sun, 15 Sep 2019 22:50:54 CST] "POST /nodes/update HTTP/1.1 200 6.399111ms "Go-http-client/1.1" "
[Hound Master]::1 - [Sun, 15 Sep 2019 22:50:55 CST] "POST /nodes/update HTTP/1.1 200 6.397646ms "Go-http-client/1.1" "
[Hound Master]::1 - [Sun, 15 Sep 2019 22:50:56 CST] "POST /nodes/update HTTP/1.1 200 6.365534ms "Go-http-client/1.1" "
[Hound Master]::1 - [Sun, 15 Sep 2019 22:50:57 CST] "POST /nodes/update HTTP/1.1 200 1.121302ms "Go-http-client/1.1" "
[Hound Master]::1 - [Sun, 15 Sep 2019 22:50:58 CST] "POST /nodes/update HTTP/1.1 200 2.970144ms "Go-http-client/1.1" "
[Hound Master]::1 - [Sun, 15 Sep 2019 22:50:59 CST] "POST /nodes/update HTTP/1.1 200 6.663341ms "Go-http-client/1.1" "
